2018-05-29 10:27:57 Notice: Notice (8): Undefined variable: user in [C:\xampp\htdocs\OKK_cms\src\Template\admin\add.ctp, line 4]
Trace:
Cake\Error\BaseErrorHandler::handleError() - CORE\src\Error\BaseErrorHandler.php, line 138
include - APP/Template\admin\add.ctp, line 4
Cake\View\View::_evaluate() - CORE\src\View\View.php, line 826
Cake\View\View::_render() - CORE\src\View\View.php, line 786
Cake\View\View::render() - CORE\src\View\View.php, line 463
Cake\Controller\Controller::render() - CORE\src\Controller\Controller.php, line 583
Cake\Routing\Dispatcher::_invoke() - CORE\src\Routing\Dispatcher.php, line 120
Cake\Routing\Dispatcher::dispatch() - CORE\src\Routing\Dispatcher.php, line 87
[main] - ROOT\webroot\index.php, line 37



2018-05-29 10:32:43 Notice: Strict (2048): Declaration of App\Controller\AdminController::beforeFilter() should be compatible with Cake\Controller\Controller::beforeFilter(Cake\Event\Event $event) in [C:\xampp\htdocs\OKK_cms\src\Controller\AdminController.php, line 12]
Trace:
Cake\Error\BaseErrorHandler::handleError() - CORE\src\Error\BaseErrorHandler.php, line 138
include - APP/Controller\AdminController.php, line 12
Composer\Autoload\includeFile - ROOT\vendor\composer\ClassLoader.php, line 412
Composer\Autoload\ClassLoader::loadClass() - ROOT\vendor\composer\ClassLoader.php, line 301
spl_autoload_call - [internal], line ??
class_exists - [internal], line ??
Cake\Core\App::_classExistsInBase() - CORE\src\Core\App.php, line 87
Cake\Core\App::className() - CORE\src\Core\App.php, line 64
Cake\Routing\Filter\ControllerFactoryFilter::_getController() - CORE\src\Routing\Filter\ControllerFactoryFilter.php, line 81
Cake\Routing\Filter\ControllerFactoryFilter::beforeDispatch() - CORE\src\Routing\Filter\ControllerFactoryFilter.php, line 49
Cake\Routing\DispatcherFilter::handle() - CORE\src\Routing\DispatcherFilter.php, line 145
Cake\Event\EventManager::_callListener() - CORE\src\Event\EventManager.php, line 389
Cake\Event\EventManager::dispatch() - CORE\src\Event\EventManager.php, line 355
Cake\Routing\Dispatcher::dispatchEvent() - CORE\src\Event\EventDispatcherTrait.php, line 78
Cake\Routing\Dispatcher::dispatch() - CORE\src\Routing\Dispatcher.php, line 62
[main] - ROOT\webroot\index.php, line 37



